*** Starting uWSGI 2.0.19.1 (64bit) on [Sat Jul 31 16:24:52 2021] ***
compiled with version: 9.3.0 on 12 July 2021 07:26:38
os: Linux-5.4.0-72-generic #80-Ubuntu SMP Mon Apr 12 17:35:00 UTC 2021
nodename: VM-16-3-ubuntu
machine: x86_64
clock source: unix
detected number of CPU cores: 1
current working directory: /home/ubuntu/buaastar
detected binary path: /home/ubuntu/.local/bin/uwsgi
!!! no internal routing support, rebuild with pcre support !!!
your processes number limit is 7768
your memory page size is 4096 bytes
detected max file descriptor number: 1024
lock engine: pthread robust mutexes
thunder lock: disabled (you can enable it with --thunder-lock)
uwsgi socket 0 bound to TCP address 127.0.0.1:5000 fd 3
Python version: 3.8.5 (default, Jan 27 2021, 15:41:15)  [GCC 9.3.0]
Python main interpreter initialized at 0x558add885900
python threads support enabled
your server socket listen backlog is limited to 100 connections
your mercy for graceful operations on workers is 60 seconds
mapped 312864 bytes (305 KB) for 8 cores
*** Operational MODE: preforking+threaded ***
added /home/ubuntu/buaastar/ to pythonpath.
WSGI app 0 (mountpoint='') ready in 2 seconds on interpreter 0x558add885900 pid: 3775897 (default app)
mountpoint  already configured. skip.
*** uWSGI is running in multiple interpreter mode ***
spawned uWSGI master process (pid: 3775897)
spawned uWSGI worker 1 (pid: 3775906, cores: 4)
spawned uWSGI worker 2 (pid: 3775907, cores: 4)
*** Stats server enabled on 127.0.0.1:5001 fd: 11 ***
SIGINT/SIGQUIT received...killing workers...
worker 1 buried after 1 seconds
worker 2 buried after 1 seconds
goodbye to uWSGI.
*** Starting uWSGI 2.0.19.1 (64bit) on [Sat Jul 31 16:25:50 2021] ***
compiled with version: 9.3.0 on 12 July 2021 07:26:38
os: Linux-5.4.0-72-generic #80-Ubuntu SMP Mon Apr 12 17:35:00 UTC 2021
nodename: VM-16-3-ubuntu
machine: x86_64
clock source: unix
detected number of CPU cores: 1
current working directory: /home/ubuntu/buaastar
detected binary path: /home/ubuntu/.local/bin/uwsgi
!!! no internal routing support, rebuild with pcre support !!!
your processes number limit is 7768
your memory page size is 4096 bytes
detected max file descriptor number: 1024
lock engine: pthread robust mutexes
thunder lock: disabled (you can enable it with --thunder-lock)
uwsgi socket 0 bound to TCP address 127.0.0.1:5000 fd 3
Python version: 3.8.5 (default, Jan 27 2021, 15:41:15)  [GCC 9.3.0]
Python main interpreter initialized at 0x562a558b3900
python threads support enabled
your server socket listen backlog is limited to 100 connections
your mercy for graceful operations on workers is 60 seconds
mapped 312864 bytes (305 KB) for 8 cores
*** Operational MODE: preforking+threaded ***
added /home/ubuntu/buaastar/ to pythonpath.
WSGI app 0 (mountpoint='') ready in 1 seconds on interpreter 0x562a558b3900 pid: 3776069 (default app)
mountpoint  already configured. skip.
*** uWSGI is running in multiple interpreter mode ***
spawned uWSGI master process (pid: 3776069)
spawned uWSGI worker 1 (pid: 3776071, cores: 4)
spawned uWSGI worker 2 (pid: 3776072, cores: 4)
*** Stats server enabled on 127.0.0.1:5001 fd: 11 ***
SIGINT/SIGQUIT received...killing workers...
worker 1 buried after 1 seconds
worker 2 buried after 1 seconds
goodbye to uWSGI.
*** Starting uWSGI 2.0.19.1 (64bit) on [Sat Jul 31 16:28:04 2021] ***
compiled with version: 9.3.0 on 12 July 2021 07:26:38
os: Linux-5.4.0-72-generic #80-Ubuntu SMP Mon Apr 12 17:35:00 UTC 2021
nodename: VM-16-3-ubuntu
machine: x86_64
clock source: unix
detected number of CPU cores: 1
current working directory: /home/ubuntu/buaastar
detected binary path: /home/ubuntu/.local/bin/uwsgi
!!! no internal routing support, rebuild with pcre support !!!
chdir() to /home/ubuntu/buaastar
your processes number limit is 7768
your memory page size is 4096 bytes
detected max file descriptor number: 1024
lock engine: pthread robust mutexes
thunder lock: disabled (you can enable it with --thunder-lock)
uwsgi socket 0 bound to TCP address 127.0.0.1:5000 fd 3
Python version: 3.8.5 (default, Jan 27 2021, 15:41:15)  [GCC 9.3.0]
Python main interpreter initialized at 0x55c3f04b38a0
python threads support enabled
your server socket listen backlog is limited to 100 connections
your mercy for graceful operations on workers is 60 seconds
mapped 312864 bytes (305 KB) for 8 cores
*** Operational MODE: preforking+threaded ***
WSGI app 0 (mountpoint='') ready in 1 seconds on interpreter 0x55c3f04b38a0 pid: 3776438 (default app)
mountpoint  already configured. skip.
*** uWSGI is running in multiple interpreter mode ***
spawned uWSGI master process (pid: 3776438)
spawned uWSGI worker 1 (pid: 3776441, cores: 4)
spawned uWSGI worker 2 (pid: 3776442, cores: 4)
*** Stats server enabled on 127.0.0.1:5001 fd: 11 ***
[pid: 3776442|app: 0|req: 1/1] 193.118.53.194 () {34 vars in 492 bytes} [Sat Jul 31 16:29:05 2021] GET / => generated 6475 bytes in 10 msecs (HTTP/1.1 200) 2 headers in 81 bytes (1 switches on core 0)
SIGINT/SIGQUIT received...killing workers...
worker 1 buried after 1 seconds
worker 2 buried after 1 seconds
goodbye to uWSGI.
*** Starting uWSGI 2.0.19.1 (64bit) on [Sat Jul 31 16:29:42 2021] ***
compiled with version: 9.3.0 on 12 July 2021 07:26:38
os: Linux-5.4.0-72-generic #80-Ubuntu SMP Mon Apr 12 17:35:00 UTC 2021
nodename: VM-16-3-ubuntu
machine: x86_64
clock source: unix
detected number of CPU cores: 1
current working directory: /home/ubuntu/buaastar
detected binary path: /home/ubuntu/.local/bin/uwsgi
!!! no internal routing support, rebuild with pcre support !!!
chdir() to /home/ubuntu/buaastar
your processes number limit is 7768
your memory page size is 4096 bytes
detected max file descriptor number: 1024
lock engine: pthread robust mutexes
thunder lock: disabled (you can enable it with --thunder-lock)
uwsgi socket 0 bound to TCP address 127.0.0.1:5000 fd 3
Python version: 3.8.5 (default, Jan 27 2021, 15:41:15)  [GCC 9.3.0]
Python main interpreter initialized at 0x555c83ee58a0
python threads support enabled
your server socket listen backlog is limited to 100 connections
your mercy for graceful operations on workers is 60 seconds
mapped 416880 bytes (407 KB) for 8 cores
*** Operational MODE: preforking+threaded ***
WSGI app 0 (mountpoint='') ready in 1 seconds on interpreter 0x555c83ee58a0 pid: 3776715 (default app)
mountpoint  already configured. skip.
*** uWSGI is running in multiple interpreter mode ***
spawned uWSGI master process (pid: 3776715)
spawned uWSGI worker 1 (pid: 3776718, cores: 2)
spawned uWSGI worker 2 (pid: 3776719, cores: 2)
spawned uWSGI worker 3 (pid: 3776720, cores: 2)
spawned uWSGI worker 4 (pid: 3776721, cores: 2)
*** Stats server enabled on 127.0.0.1:5001 fd: 15 ***
SIGINT/SIGQUIT received...killing workers...
worker 1 buried after 0 seconds
worker 2 buried after 0 seconds
worker 3 buried after 0 seconds
worker 4 buried after 0 seconds
goodbye to uWSGI.
*** Starting uWSGI 2.0.19.1 (64bit) on [Sat Jul 31 16:29:55 2021] ***
compiled with version: 9.3.0 on 12 July 2021 07:26:38
os: Linux-5.4.0-72-generic #80-Ubuntu SMP Mon Apr 12 17:35:00 UTC 2021
nodename: VM-16-3-ubuntu
machine: x86_64
clock source: unix
detected number of CPU cores: 1
current working directory: /home/ubuntu/buaastar
detected binary path: /home/ubuntu/.local/bin/uwsgi
!!! no internal routing support, rebuild with pcre support !!!
chdir() to /home/ubuntu/buaastar
your processes number limit is 7768
your memory page size is 4096 bytes
detected max file descriptor number: 1024
lock engine: pthread robust mutexes
thunder lock: disabled (you can enable it with --thunder-lock)
uwsgi socket 0 bound to TCP address 127.0.0.1:5000 fd 3
Python version: 3.8.5 (default, Jan 27 2021, 15:41:15)  [GCC 9.3.0]
Python main interpreter initialized at 0x55c3ba3da8a0
python threads support enabled
your server socket listen backlog is limited to 100 connections
your mercy for graceful operations on workers is 60 seconds
mapped 416880 bytes (407 KB) for 8 cores
*** Operational MODE: preforking+threaded ***
WSGI app 0 (mountpoint='') ready in 1 seconds on interpreter 0x55c3ba3da8a0 pid: 3776768 (default app)
mountpoint  already configured. skip.
*** uWSGI is running in multiple interpreter mode ***
spawned uWSGI master process (pid: 3776768)
spawned uWSGI worker 1 (pid: 3776770, cores: 2)
spawned uWSGI worker 2 (pid: 3776771, cores: 2)
spawned uWSGI worker 3 (pid: 3776772, cores: 2)
spawned uWSGI worker 4 (pid: 3776773, cores: 2)
*** Stats server enabled on 127.0.0.1:5001 fd: 15 ***
SIGINT/SIGQUIT received...killing workers...
worker 1 buried after 1 seconds
worker 2 buried after 1 seconds
worker 3 buried after 1 seconds
worker 4 buried after 1 seconds
goodbye to uWSGI.
